00:59:42 Запуск событий крона rcl_cron_hourly
01:27:01 Запуск событий крона rcl_cron_hourly
02:27:04 Запуск событий крона rcl_cron_hourly
03:31:00 Запуск событий крона rcl_cron_hourly
05:39:58 Запуск событий крона rcl_cron_hourly
06:59:12 Запуск событий крона rcl_cron_hourly
07:13:06 Запуск событий крона rcl_cron_hourly
07:34:39 Запуск событий крона rcl_cron_twicedaily
07:34:39 Отправка запроса на сервер обновления для получение последних версий установленных дополнений
07:34:39 Не удалось открыть файл с данными дополнений для проверки обновлений
http://downloads.codeseller.ru/products-files/info/light-info.xml
07:56:53 Запуск событий крона rcl_cron_daily
08:13:29 Запуск событий крона rcl_cron_hourly
09:14:23 Запуск событий крона rcl_cron_hourly
10:23:27 Запуск событий крона rcl_cron_hourly
11:12:54 Запуск событий крона rcl_cron_hourly
12:36:24 Запуск событий крона rcl_cron_hourly
14:11:05 Запуск событий крона rcl_cron_hourly
15:13:07 Запуск событий крона rcl_cron_hourly
17:29:52 Запуск событий крона rcl_cron_hourly
18:11:49 Запуск событий крона rcl_cron_hourly
19:16:26 Запуск событий крона rcl_cron_hourly
19:27:42 Запуск событий крона rcl_cron_twicedaily
19:27:42 Отправка запроса на сервер обновления для получение последних версий установленных дополнений
19:27:42 Не удалось открыть файл с данными дополнений для проверки обновлений
http://downloads.codeseller.ru/products-files/info/light-info.xml
20:22:22 Запуск событий крона rcl_cron_hourly
21:27:48 Запуск событий крона rcl_cron_hourly
22:23:35 Запуск событий крона rcl_cron_hourly
23:09:58 Запуск событий крона rcl_cron_hourly
