00:20:35 Запуск событий крона rcl_cron_hourly
01:11:37 Запуск событий крона rcl_cron_hourly
02:33:13 Запуск событий крона rcl_cron_hourly
03:19:55 Запуск событий крона rcl_cron_hourly
04:09:59 Запуск событий крона rcl_cron_hourly
05:18:10 Запуск событий крона rcl_cron_hourly
06:20:00 Запуск событий крона rcl_cron_hourly
07:20:11 Запуск событий крона rcl_cron_hourly
07:35:15 Запуск событий крона rcl_cron_twicedaily
07:35:15 Отправка запроса на сервер обновления для получение последних версий установленных дополнений
07:35:15 Не удалось открыть файл с данными дополнений для проверки обновлений
http://downloads.codeseller.ru/products-files/info/light-info.xml
07:54:26 Запуск событий крона rcl_cron_daily
08:10:46 Запуск событий крона rcl_cron_hourly
09:10:22 Запуск событий крона rcl_cron_hourly
10:56:29 Запуск событий крона rcl_cron_hourly
11:20:08 Запуск событий крона rcl_cron_hourly
12:16:49 Запуск событий крона rcl_cron_hourly
13:22:20 Запуск событий крона rcl_cron_hourly
14:17:43 Запуск событий крона rcl_cron_hourly
15:29:24 Запуск событий крона rcl_cron_hourly
16:11:02 Запуск событий крона rcl_cron_hourly
17:20:11 Запуск событий крона rcl_cron_hourly
18:11:42 Запуск событий крона rcl_cron_hourly
19:09:47 Запуск событий крона rcl_cron_hourly
19:25:56 Запуск событий крона rcl_cron_twicedaily
19:25:56 Отправка запроса на сервер обновления для получение последних версий установленных дополнений
19:25:56 Не удалось открыть файл с данными дополнений для проверки обновлений
http://downloads.codeseller.ru/products-files/info/light-info.xml
20:10:02 Запуск событий крона rcl_cron_hourly
21:10:29 Запуск событий крона rcl_cron_hourly
22:10:58 Запуск событий крона rcl_cron_hourly
23:11:28 Запуск событий крона rcl_cron_hourly
