00:21:21 Запуск событий крона rcl_cron_hourly
01:46:35 Запуск событий крона rcl_cron_hourly
02:15:46 Запуск событий крона rcl_cron_hourly
03:24:38 Запуск событий крона rcl_cron_hourly
04:14:33 Запуск событий крона rcl_cron_hourly
05:53:02 Запуск событий крона rcl_cron_hourly
06:12:33 Запуск событий крона rcl_cron_hourly
07:25:55 Запуск событий крона rcl_cron_hourly
07:25:55 Запуск событий крона rcl_cron_twicedaily
07:25:55 Отправка запроса на сервер обновления для получение последних версий установленных дополнений
07:25:55 Не удалось открыть файл с данными дополнений для проверки обновлений
http://downloads.codeseller.ru/products-files/info/light-info.xml
07:47:59 Запуск событий крона rcl_cron_daily
08:13:41 Запуск событий крона rcl_cron_hourly
09:09:55 Запуск событий крона rcl_cron_hourly
10:09:47 Запуск событий крона rcl_cron_hourly
11:13:29 Запуск событий крона rcl_cron_hourly
12:10:34 Запуск событий крона rcl_cron_hourly
13:10:58 Запуск событий крона rcl_cron_hourly
14:11:21 Запуск событий крона rcl_cron_hourly
15:11:46 Запуск событий крона rcl_cron_hourly
16:24:58 Запуск событий крона rcl_cron_hourly
17:15:53 Запуск событий крона rcl_cron_hourly
18:10:51 Запуск событий крона rcl_cron_hourly
19:26:05 Запуск событий крона rcl_cron_hourly
19:26:05 Запуск событий крона rcl_cron_twicedaily
19:26:05 Отправка запроса на сервер обновления для получение последних версий установленных дополнений
19:26:05 Не удалось открыть файл с данными дополнений для проверки обновлений
http://downloads.codeseller.ru/products-files/info/light-info.xml
20:17:50 Запуск событий крона rcl_cron_hourly
21:16:57 Запуск событий крона rcl_cron_hourly
22:21:02 Запуск событий крона rcl_cron_hourly
23:21:28 Запуск событий крона rcl_cron_hourly
