00:12:35 Запуск событий крона rcl_cron_hourly
01:26:56 Запуск событий крона rcl_cron_hourly
02:18:25 Запуск событий крона rcl_cron_hourly
03:13:04 Запуск событий крона rcl_cron_hourly
04:19:08 Запуск событий крона rcl_cron_hourly
05:11:56 Запуск событий крона rcl_cron_hourly
06:37:22 Запуск событий крона rcl_cron_hourly
07:23:31 Запуск событий крона rcl_cron_hourly
07:40:22 Запуск событий крона rcl_cron_twicedaily
07:40:22 Отправка запроса на сервер обновления для получение последних версий установленных дополнений
07:40:22 Не удалось открыть файл с данными дополнений для проверки обновлений
http://downloads.codeseller.ru/products-files/info/light-info.xml
07:41:50 Запуск событий крона rcl_cron_daily
08:10:37 Запуск событий крона rcl_cron_hourly
09:11:04 Запуск событий крона rcl_cron_hourly
10:10:03 Запуск событий крона rcl_cron_hourly
11:10:15 Запуск событий крона rcl_cron_hourly
12:10:48 Запуск событий крона rcl_cron_hourly
13:13:09 Запуск событий крона rcl_cron_hourly
14:14:10 Запуск событий крона rcl_cron_hourly
16:02:03 Запуск событий крона rcl_cron_hourly
16:14:16 Запуск событий крона rcl_cron_hourly
17:37:16 Запуск событий крона rcl_cron_hourly
18:26:17 Запуск событий крона rcl_cron_hourly
19:19:56 Запуск событий крона rcl_cron_hourly
19:34:17 Запуск событий крона rcl_cron_twicedaily
19:34:17 Отправка запроса на сервер обновления для получение последних версий установленных дополнений
19:34:17 Не удалось открыть файл с данными дополнений для проверки обновлений
http://downloads.codeseller.ru/products-files/info/light-info.xml
20:14:40 Запуск событий крона rcl_cron_hourly
21:10:23 Запуск событий крона rcl_cron_hourly
23:08:31 Запуск событий крона rcl_cron_hourly
23:40:18 Запуск событий крона rcl_cron_hourly
