00:21:30 Запуск событий крона rcl_cron_hourly
01:15:40 Запуск событий крона rcl_cron_hourly
02:14:24 Запуск событий крона rcl_cron_hourly
03:28:29 Запуск событий крона rcl_cron_hourly
04:16:13 Запуск событий крона rcl_cron_hourly
05:15:15 Запуск событий крона rcl_cron_hourly
06:15:29 Запуск событий крона rcl_cron_hourly
07:14:58 Запуск событий крона rcl_cron_hourly
07:25:54 Запуск событий крона rcl_cron_twicedaily
07:25:54 Отправка запроса на сервер обновления для получение последних версий установленных дополнений
07:25:54 Не удалось открыть файл с данными дополнений для проверки обновлений
http://downloads.codeseller.ru/products-files/info/light-info.xml
07:40:00 Запуск событий крона rcl_cron_daily
08:11:46 Запуск событий крона rcl_cron_hourly
09:09:52 Запуск событий крона rcl_cron_hourly
10:16:29 Запуск событий крона rcl_cron_hourly
11:09:50 Запуск событий крона rcl_cron_hourly
12:10:16 Запуск событий крона rcl_cron_hourly
13:10:45 Запуск событий крона rcl_cron_hourly
14:18:53 Запуск событий крона rcl_cron_hourly
15:19:44 Запуск событий крона rcl_cron_hourly
16:17:15 Запуск событий крона rcl_cron_hourly
17:34:19 Запуск событий крона rcl_cron_hourly
18:12:25 Запуск событий крона rcl_cron_hourly
19:29:02 Запуск событий крона rcl_cron_hourly
19:29:02 Запуск событий крона rcl_cron_twicedaily
19:29:02 Отправка запроса на сервер обновления для получение последних версий установленных дополнений
19:29:02 Не удалось открыть файл с данными дополнений для проверки обновлений
http://downloads.codeseller.ru/products-files/info/light-info.xml
20:21:24 Запуск событий крона rcl_cron_hourly
21:42:44 Запуск событий крона rcl_cron_hourly
22:32:06 Запуск событий крона rcl_cron_hourly
23:12:53 Запуск событий крона rcl_cron_hourly
