00:12:32 Запуск событий крона rcl_cron_hourly
01:10:15 Запуск событий крона rcl_cron_hourly
02:11:18 Запуск событий крона rcl_cron_hourly
03:13:54 Запуск событий крона rcl_cron_hourly
04:14:39 Запуск событий крона rcl_cron_hourly
05:13:30 Запуск событий крона rcl_cron_hourly
06:16:29 Запуск событий крона rcl_cron_hourly
07:12:46 Запуск событий крона rcl_cron_hourly
07:27:14 Запуск событий крона rcl_cron_twicedaily
07:27:14 Отправка запроса на сервер обновления для получение последних версий установленных дополнений
07:27:14 Не удалось открыть файл с данными дополнений для проверки обновлений
http://downloads.codeseller.ru/products-files/info/light-info.xml
07:40:18 Запуск событий крона rcl_cron_daily
08:11:47 Запуск событий крона rcl_cron_hourly
09:09:52 Запуск событий крона rcl_cron_hourly
10:10:27 Запуск событий крона rcl_cron_hourly
11:10:20 Запуск событий крона rcl_cron_hourly
12:17:23 Запуск событий крона rcl_cron_hourly
13:10:12 Запуск событий крона rcl_cron_hourly
14:12:23 Запуск событий крона rcl_cron_hourly
15:09:51 Запуск событий крона rcl_cron_hourly
16:12:56 Запуск событий крона rcl_cron_hourly
17:20:22 Запуск событий крона rcl_cron_hourly
18:17:11 Запуск событий крона rcl_cron_hourly
19:09:58 Запуск событий крона rcl_cron_hourly
19:31:27 Запуск событий крона rcl_cron_twicedaily
19:31:27 Отправка запроса на сервер обновления для получение последних версий установленных дополнений
19:31:27 Не удалось открыть файл с данными дополнений для проверки обновлений
http://downloads.codeseller.ru/products-files/info/light-info.xml
20:11:39 Запуск событий крона rcl_cron_hourly
21:17:38 Запуск событий крона rcl_cron_hourly
22:19:03 Запуск событий крона rcl_cron_hourly
23:30:16 Запуск событий крона rcl_cron_hourly
