00:24:06 Запуск событий крона rcl_cron_hourly
01:19:20 Запуск событий крона rcl_cron_hourly
02:11:59 Запуск событий крона rcl_cron_hourly
03:42:10 Запуск событий крона rcl_cron_hourly
04:18:04 Запуск событий крона rcl_cron_hourly
05:10:55 Запуск событий крона rcl_cron_hourly
06:21:20 Запуск событий крона rcl_cron_hourly
07:14:08 Запуск событий крона rcl_cron_hourly
07:14:09 rcl_update_user_rating: Не удалось изменить общий рейтинг пользователя
Array
(
    [object_id] => 182
    [object_author] => 1
    [rating_type] => post
    [rating_value] => 0
)

07:14:09 rcl_update_user_rating: Не удалось изменить общий рейтинг пользователя
Array
(
    [object_id] => 212
    [object_author] => 1
    [rating_type] => post
    [rating_value] => 0
)

07:14:09 rcl_update_user_rating: Не удалось изменить общий рейтинг пользователя
Array
(
    [object_id] => 227
    [object_author] => 1
    [rating_type] => post
    [rating_value] => 0
)

07:44:24 Запуск событий крона rcl_cron_twicedaily
07:44:24 Отправка запроса на сервер обновления для получение последних версий установленных дополнений
07:44:24 Запуск событий крона rcl_cron_daily
08:10:07 Запуск событий крона rcl_cron_hourly
09:15:58 Запуск событий крона rcl_cron_hourly
10:09:58 Запуск событий крона rcl_cron_hourly
11:09:49 Запуск событий крона rcl_cron_hourly
12:10:05 Запуск событий крона rcl_cron_hourly
13:10:25 Запуск событий крона rcl_cron_hourly
14:10:09 Запуск событий крона rcl_cron_hourly
15:10:25 Запуск событий крона rcl_cron_hourly
16:18:03 Запуск событий крона rcl_cron_hourly
17:09:47 Запуск событий крона rcl_cron_hourly
18:10:58 Запуск событий крона rcl_cron_hourly
19:11:41 Запуск событий крона rcl_cron_hourly
19:34:29 Запуск событий крона rcl_cron_twicedaily
19:34:29 Отправка запроса на сервер обновления для получение последних версий установленных дополнений
20:23:14 Запуск событий крона rcl_cron_hourly
21:29:04 Запуск событий крона rcl_cron_hourly
22:11:55 Запуск событий крона rcl_cron_hourly
