01:18:59 Запуск событий крона rcl_cron_hourly
02:24:41 Запуск событий крона rcl_cron_hourly
04:02:35 Запуск событий крона rcl_cron_hourly
04:46:14 Запуск событий крона rcl_cron_hourly
05:34:29 Запуск событий крона rcl_cron_hourly
06:17:42 Запуск событий крона rcl_cron_hourly
07:59:59 Запуск событий крона rcl_cron_hourly
07:59:59 Запуск событий крона rcl_cron_twicedaily
07:59:59 Отправка запроса на сервер обновления для получение последних версий установленных дополнений
07:59:59 Не удалось открыть файл с данными дополнений для проверки обновлений
http://downloads.codeseller.ru/products-files/info/light-info.xml
08:08:04 Запуск событий крона rcl_cron_daily
08:12:17 Запуск событий крона rcl_cron_hourly
09:10:25 Запуск событий крона rcl_cron_hourly
10:13:01 Запуск событий крона rcl_cron_hourly
11:14:16 Запуск событий крона rcl_cron_hourly
12:31:42 Запуск событий крона rcl_cron_hourly
13:12:19 Запуск событий крона rcl_cron_hourly
14:12:38 Запуск событий крона rcl_cron_hourly
15:10:28 Запуск событий крона rcl_cron_hourly
16:37:56 Запуск событий крона rcl_cron_hourly
17:39:50 Запуск событий крона rcl_cron_hourly
18:26:49 Запуск событий крона rcl_cron_hourly
19:44:17 Запуск событий крона rcl_cron_hourly
19:44:17 Запуск событий крона rcl_cron_twicedaily
19:44:17 Отправка запроса на сервер обновления для получение последних версий установленных дополнений
19:44:17 Не удалось открыть файл с данными дополнений для проверки обновлений
http://downloads.codeseller.ru/products-files/info/light-info.xml
20:55:44 Запуск событий крона rcl_cron_hourly
21:59:44 Запуск событий крона rcl_cron_hourly
22:17:30 Запуск событий крона rcl_cron_hourly
23:13:05 Запуск событий крона rcl_cron_hourly
