00:15:42 Запуск событий крона rcl_cron_hourly
01:16:35 Запуск событий крона rcl_cron_hourly
02:15:33 Запуск событий крона rcl_cron_hourly
03:19:40 Запуск событий крона rcl_cron_hourly
04:33:53 Запуск событий крона rcl_cron_hourly
05:38:46 Запуск событий крона rcl_cron_hourly
06:33:01 Запуск событий крона rcl_cron_hourly
07:10:04 Запуск событий крона rcl_cron_hourly
07:26:15 Запуск событий крона rcl_cron_twicedaily
07:26:15 Отправка запроса на сервер обновления для получение последних версий установленных дополнений
07:26:15 Не удалось открыть файл с данными дополнений для проверки обновлений
http://downloads.codeseller.ru/products-files/info/light-info.xml
07:45:38 Запуск событий крона rcl_cron_daily
08:09:49 Запуск событий крона rcl_cron_hourly
09:17:34 Запуск событий крона rcl_cron_hourly
10:17:31 Запуск событий крона rcl_cron_hourly
11:14:40 Запуск событий крона rcl_cron_hourly
12:09:59 Запуск событий крона rcl_cron_hourly
13:10:12 Запуск событий крона rcl_cron_hourly
14:09:50 Запуск событий крона rcl_cron_hourly
15:12:48 Запуск событий крона rcl_cron_hourly
16:17:16 Запуск событий крона rcl_cron_hourly
17:42:32 Запуск событий крона rcl_cron_hourly
18:34:41 Запуск событий крона rcl_cron_hourly
19:21:16 Запуск событий крона rcl_cron_hourly
19:25:48 Запуск событий крона rcl_cron_twicedaily
19:25:48 Отправка запроса на сервер обновления для получение последних версий установленных дополнений
19:25:48 Не удалось открыть файл с данными дополнений для проверки обновлений
http://downloads.codeseller.ru/products-files/info/light-info.xml
20:28:55 Запуск событий крона rcl_cron_hourly
21:14:45 Запуск событий крона rcl_cron_hourly
22:42:52 Запуск событий крона rcl_cron_hourly
23:38:00 Запуск событий крона rcl_cron_hourly
