00:16:10 Запуск событий крона rcl_cron_hourly
01:29:08 Запуск событий крона rcl_cron_hourly
02:15:20 Запуск событий крона rcl_cron_hourly
03:14:44 Запуск событий крона rcl_cron_hourly
04:14:55 Запуск событий крона rcl_cron_hourly
05:14:42 Запуск событий крона rcl_cron_hourly
06:19:47 Запуск событий крона rcl_cron_hourly
07:14:29 Запуск событий крона rcl_cron_hourly
07:29:37 Запуск событий крона rcl_cron_twicedaily
07:29:37 Отправка запроса на сервер обновления для получение последних версий установленных дополнений
07:29:37 Не удалось открыть файл с данными дополнений для проверки обновлений
http://downloads.codeseller.ru/products-files/info/light-info.xml
07:43:11 Запуск событий крона rcl_cron_daily
08:15:55 Запуск событий крона rcl_cron_hourly
09:14:27 Запуск событий крона rcl_cron_hourly
10:12:32 Запуск событий крона rcl_cron_hourly
11:35:55 Запуск событий крона rcl_cron_hourly
12:28:10 Запуск событий крона rcl_cron_hourly
13:24:36 Запуск событий крона rcl_cron_hourly
14:25:07 Запуск событий крона rcl_cron_hourly
15:32:19 Запуск событий крона rcl_cron_hourly
16:16:16 Запуск событий крона rcl_cron_hourly
17:28:47 Запуск событий крона rcl_cron_hourly
18:16:15 Запуск событий крона rcl_cron_hourly
19:19:26 Запуск событий крона rcl_cron_hourly
19:36:41 Запуск событий крона rcl_cron_twicedaily
19:36:41 Отправка запроса на сервер обновления для получение последних версий установленных дополнений
19:36:41 Не удалось открыть файл с данными дополнений для проверки обновлений
http://downloads.codeseller.ru/products-files/info/light-info.xml
20:28:50 Запуск событий крона rcl_cron_hourly
21:32:40 Запуск событий крона rcl_cron_hourly
22:50:45 Запуск событий крона rcl_cron_hourly
23:18:45 Запуск событий крона rcl_cron_hourly
