00:45:35 Запуск событий крона rcl_cron_hourly
01:43:44 Запуск событий крона rcl_cron_hourly
02:18:00 Запуск событий крона rcl_cron_hourly
03:13:57 Запуск событий крона rcl_cron_hourly
04:10:22 Запуск событий крона rcl_cron_hourly
05:42:26 Запуск событий крона rcl_cron_hourly
06:36:16 Запуск событий крона rcl_cron_hourly
07:28:20 Запуск событий крона rcl_cron_hourly
07:28:20 Запуск событий крона rcl_cron_twicedaily
07:28:20 Отправка запроса на сервер обновления для получение последних версий установленных дополнений
07:28:20 Не удалось открыть файл с данными дополнений для проверки обновлений
http://downloads.codeseller.ru/products-files/info/light-info.xml
07:44:56 Запуск событий крона rcl_cron_daily
08:10:59 Запуск событий крона rcl_cron_hourly
09:10:49 Запуск событий крона rcl_cron_hourly
10:38:33 Запуск событий крона rcl_cron_hourly
11:10:27 Запуск событий крона rcl_cron_hourly
12:10:37 Запуск событий крона rcl_cron_hourly
13:10:10 Запуск событий крона rcl_cron_hourly
14:10:12 Запуск событий крона rcl_cron_hourly
15:10:11 Запуск событий крона rcl_cron_hourly
17:00:22 Запуск событий крона rcl_cron_hourly
17:35:02 Запуск событий крона rcl_cron_hourly
18:25:20 Запуск событий крона rcl_cron_hourly
19:26:47 Запуск событий крона rcl_cron_hourly
19:26:47 Запуск событий крона rcl_cron_twicedaily
19:26:47 Отправка запроса на сервер обновления для получение последних версий установленных дополнений
19:26:47 Не удалось открыть файл с данными дополнений для проверки обновлений
http://downloads.codeseller.ru/products-files/info/light-info.xml
20:09:52 Запуск событий крона rcl_cron_hourly
21:10:58 Запуск событий крона rcl_cron_hourly
22:24:34 Запуск событий крона rcl_cron_hourly
23:29:13 Запуск событий крона rcl_cron_hourly
