00:14:20 Запуск событий крона rcl_cron_hourly
02:08:13 Запуск событий крона rcl_cron_hourly
03:01:06 Запуск событий крона rcl_cron_hourly
03:51:47 Запуск событий крона rcl_cron_hourly
05:31:38 Запуск событий крона rcl_cron_hourly
06:16:59 Запуск событий крона rcl_cron_hourly
07:19:23 Запуск событий крона rcl_cron_hourly
07:25:02 Запуск событий крона rcl_cron_twicedaily
07:25:02 Отправка запроса на сервер обновления для получение последних версий установленных дополнений
08:32:52 Запуск событий крона rcl_cron_daily
08:32:52 Запуск событий крона rcl_cron_hourly
09:09:58 Запуск событий крона rcl_cron_hourly
09:09:58 Отправка уведомлений о непрочитанных сообщениях
10:10:58 Запуск событий крона rcl_cron_hourly
11:14:43 Запуск событий крона rcl_cron_hourly
11:14:43 Отправка уведомлений о непрочитанных сообщениях
11:33:15 rcl_update_user_balance: Не удалось обновить баланс пользователя
Array
(
    [0] => 0
    [1] => 11
    [2] => Изменение баланса
)

12:09:51 Запуск событий крона rcl_cron_hourly
13:10:13 Запуск событий крона rcl_cron_hourly
14:10:15 Запуск событий крона rcl_cron_hourly
15:10:14 Запуск событий крона rcl_cron_hourly
16:10:15 Запуск событий крона rcl_cron_hourly
18:03:58 Запуск событий крона rcl_cron_hourly
18:17:35 Запуск событий крона rcl_cron_hourly
19:28:05 Запуск событий крона rcl_cron_hourly
19:28:05 Запуск событий крона rcl_cron_twicedaily
19:28:05 Отправка запроса на сервер обновления для получение последних версий установленных дополнений
20:39:50 Запуск событий крона rcl_cron_hourly
21:25:16 Запуск событий крона rcl_cron_hourly
22:26:10 Запуск событий крона rcl_cron_hourly
