00:49:16 Запуск событий крона rcl_cron_hourly
01:09:57 Запуск событий крона rcl_cron_hourly
02:31:34 Запуск событий крона rcl_cron_hourly
03:16:18 Запуск событий крона rcl_cron_hourly
04:47:12 Запуск событий крона rcl_cron_hourly
05:10:18 Запуск событий крона rcl_cron_hourly
06:34:48 Запуск событий крона rcl_cron_hourly
07:11:05 Запуск событий крона rcl_cron_hourly
07:25:09 Запуск событий крона rcl_cron_twicedaily
07:25:09 Отправка запроса на сервер обновления для получение последних версий установленных дополнений
07:40:04 Запуск событий крона rcl_cron_daily
08:11:19 Запуск событий крона rcl_cron_hourly
09:09:49 Запуск событий крона rcl_cron_hourly
10:10:08 Запуск событий крона rcl_cron_hourly
11:10:30 Запуск событий крона rcl_cron_hourly
12:10:03 Запуск событий крона rcl_cron_hourly
13:11:41 Запуск событий крона rcl_cron_hourly
13:59:13 rcl_update_user_rating: Не удалось изменить общий рейтинг пользователя
Array
(
    [object_id] => 225
    [object_author] => 1
    [rating_type] => post
    [rating_value] => 0
)

13:59:13 rcl_update_user_rating: Не удалось изменить общий рейтинг пользователя
Array
(
    [object_id] => 213
    [object_author] => 1
    [rating_type] => post
    [rating_value] => 0
)

14:10:01 Запуск событий крона rcl_cron_hourly
15:09:53 Запуск событий крона rcl_cron_hourly
16:10:11 Запуск событий крона rcl_cron_hourly
18:17:28 Запуск событий крона rcl_cron_hourly
19:22:56 Запуск событий крона rcl_cron_hourly
19:27:16 Запуск событий крона rcl_cron_twicedaily
19:27:16 Отправка запроса на сервер обновления для получение последних версий установленных дополнений
21:44:22 Запуск событий крона rcl_cron_hourly
22:30:29 Запуск событий крона rcl_cron_hourly
