00:17:29 Запуск событий крона rcl_cron_hourly
01:34:19 Запуск событий крона rcl_cron_hourly
02:13:05 Запуск событий крона rcl_cron_hourly
03:38:35 Запуск событий крона rcl_cron_hourly
04:22:57 Запуск событий крона rcl_cron_hourly
05:34:03 Запуск событий крона rcl_cron_hourly
06:29:43 Запуск событий крона rcl_cron_hourly
07:12:33 Запуск событий крона rcl_cron_hourly
07:12:33 rcl_update_user_rating: Не удалось изменить общий рейтинг пользователя
Array
(
    [object_id] => 657
    [object_author] => 1
    [rating_type] => post
    [rating_value] => 0
)

07:27:17 Запуск событий крона rcl_cron_twicedaily
07:27:17 Отправка запроса на сервер обновления для получение последних версий установленных дополнений
07:27:17 Не удалось открыть файл с данными дополнений для проверки обновлений
http://downloads.codeseller.ru/products-files/info/light-info.xml
07:57:51 Запуск событий крона rcl_cron_daily
08:10:32 Запуск событий крона rcl_cron_hourly
09:13:52 Запуск событий крона rcl_cron_hourly
10:17:28 Запуск событий крона rcl_cron_hourly
11:12:58 Запуск событий крона rcl_cron_hourly
12:15:26 Запуск событий крона rcl_cron_hourly
13:10:54 Запуск событий крона rcl_cron_hourly
14:14:16 Запуск событий крона rcl_cron_hourly
15:11:32 Запуск событий крона rcl_cron_hourly
16:18:15 Запуск событий крона rcl_cron_hourly
17:09:52 Запуск событий крона rcl_cron_hourly
18:10:24 Запуск событий крона rcl_cron_hourly
19:28:14 Запуск событий крона rcl_cron_hourly
19:28:14 Запуск событий крона rcl_cron_twicedaily
19:28:14 Отправка запроса на сервер обновления для получение последних версий установленных дополнений
19:28:14 Не удалось открыть файл с данными дополнений для проверки обновлений
http://downloads.codeseller.ru/products-files/info/light-info.xml
21:35:37 Запуск событий крона rcl_cron_hourly
23:14:19 Запуск событий крона rcl_cron_hourly
