00:09:57 Запуск событий крона rcl_cron_hourly
01:10:26 Запуск событий крона rcl_cron_hourly
02:10:56 Запуск событий крона rcl_cron_hourly
03:11:27 Запуск событий крона rcl_cron_hourly
04:09:55 Запуск событий крона rcl_cron_hourly
05:10:24 Запуск событий крона rcl_cron_hourly
06:15:22 Запуск событий крона rcl_cron_hourly
07:13:24 Запуск событий крона rcl_cron_hourly
07:26:08 Запуск событий крона rcl_cron_twicedaily
07:26:08 Отправка запроса на сервер обновления для получение последних версий установленных дополнений
07:26:08 Не удалось открыть файл с данными дополнений для проверки обновлений
http://downloads.codeseller.ru/products-files/info/light-info.xml
07:39:49 Запуск событий крона rcl_cron_daily
08:22:12 Запуск событий крона rcl_cron_hourly
09:14:39 Запуск событий крона rcl_cron_hourly
10:18:25 Запуск событий крона rcl_cron_hourly
11:18:42 Запуск событий крона rcl_cron_hourly
12:09:51 Запуск событий крона rcl_cron_hourly
13:15:38 Запуск событий крона rcl_cron_hourly
14:11:21 Запуск событий крона rcl_cron_hourly
15:11:57 Запуск событий крона rcl_cron_hourly
16:33:53 Запуск событий крона rcl_cron_hourly
18:32:11 Запуск событий крона rcl_cron_hourly
19:39:41 Запуск событий крона rcl_cron_hourly
19:39:41 Запуск событий крона rcl_cron_twicedaily
19:39:41 Отправка запроса на сервер обновления для получение последних версий установленных дополнений
19:39:41 Не удалось открыть файл с данными дополнений для проверки обновлений
http://downloads.codeseller.ru/products-files/info/light-info.xml
20:10:10 Запуск событий крона rcl_cron_hourly
21:17:08 Запуск событий крона rcl_cron_hourly
22:10:21 Запуск событий крона rcl_cron_hourly
23:10:49 Запуск событий крона rcl_cron_hourly
