00:14:09 Запуск событий крона rcl_cron_hourly
01:14:41 Запуск событий крона rcl_cron_hourly
02:33:24 Запуск событий крона rcl_cron_hourly
03:14:42 Запуск событий крона rcl_cron_hourly
04:16:41 Запуск событий крона rcl_cron_hourly
05:20:54 Запуск событий крона rcl_cron_hourly
06:17:30 Запуск событий крона rcl_cron_hourly
07:09:59 Запуск событий крона rcl_cron_hourly
07:25:39 Запуск событий крона rcl_cron_twicedaily
07:25:39 Отправка запроса на сервер обновления для получение последних версий установленных дополнений
07:25:39 Не удалось открыть файл с данными дополнений для проверки обновлений
http://downloads.codeseller.ru/products-files/info/light-info.xml
07:45:38 Запуск событий крона rcl_cron_daily
08:10:54 Запуск событий крона rcl_cron_hourly
09:11:38 Запуск событий крона rcl_cron_hourly
10:09:56 Запуск событий крона rcl_cron_hourly
11:09:54 Запуск событий крона rcl_cron_hourly
12:09:57 Запуск событий крона rcl_cron_hourly
13:09:48 Запуск событий крона rcl_cron_hourly
14:10:56 Запуск событий крона rcl_cron_hourly
15:10:08 Запуск событий крона rcl_cron_hourly
16:09:58 Запуск событий крона rcl_cron_hourly
17:17:49 Запуск событий крона rcl_cron_hourly
18:27:55 Запуск событий крона rcl_cron_hourly
19:15:19 Запуск событий крона rcl_cron_hourly
19:33:59 Запуск событий крона rcl_cron_twicedaily
19:33:59 Отправка запроса на сервер обновления для получение последних версий установленных дополнений
19:33:59 Не удалось открыть файл с данными дополнений для проверки обновлений
http://downloads.codeseller.ru/products-files/info/light-info.xml
20:24:23 Запуск событий крона rcl_cron_hourly
21:17:59 Запуск событий крона rcl_cron_hourly
22:14:45 Запуск событий крона rcl_cron_hourly
23:15:46 Запуск событий крона rcl_cron_hourly
