00:17:39 Запуск событий крона rcl_cron_hourly
01:26:55 Запуск событий крона rcl_cron_hourly
02:21:22 Запуск событий крона rcl_cron_hourly
03:44:09 Запуск событий крона rcl_cron_hourly
04:16:45 Запуск событий крона rcl_cron_hourly
05:12:23 Запуск событий крона rcl_cron_hourly
06:16:32 Запуск событий крона rcl_cron_hourly
07:20:40 Запуск событий крона rcl_cron_hourly
07:26:35 Запуск событий крона rcl_cron_twicedaily
07:26:35 Отправка запроса на сервер обновления для получение последних версий установленных дополнений
07:40:41 Запуск событий крона rcl_cron_daily
08:11:12 Запуск событий крона rcl_cron_hourly
09:11:33 Запуск событий крона rcl_cron_hourly
10:14:03 Запуск событий крона rcl_cron_hourly
11:11:04 Запуск событий крона rcl_cron_hourly
12:11:15 Запуск событий крона rcl_cron_hourly
13:10:37 Запуск событий крона rcl_cron_hourly
14:14:08 Запуск событий крона rcl_cron_hourly
15:10:34 Запуск событий крона rcl_cron_hourly
16:14:51 Запуск событий крона rcl_cron_hourly
17:15:53 Запуск событий крона rcl_cron_hourly
18:13:24 Запуск событий крона rcl_cron_hourly
19:14:35 Запуск событий крона rcl_cron_hourly
19:27:51 Запуск событий крона rcl_cron_twicedaily
19:27:51 Отправка запроса на сервер обновления для получение последних версий установленных дополнений
19:27:51 Не удалось открыть файл с данными дополнений для проверки обновлений
http://downloads.codeseller.ru/products-files/info/light-info.xml
20:12:58 Запуск событий крона rcl_cron_hourly
21:09:59 Запуск событий крона rcl_cron_hourly
22:12:52 Запуск событий крона rcl_cron_hourly
22:12:52 Отправка уведомлений о непрочитанных сообщениях
23:14:15 Запуск событий крона rcl_cron_hourly
