00:14:23 Запуск событий крона rcl_cron_hourly
01:10:15 Запуск событий крона rcl_cron_hourly
02:42:10 Запуск событий крона rcl_cron_hourly
04:33:12 Запуск событий крона rcl_cron_hourly
05:12:01 Запуск событий крона rcl_cron_hourly
07:03:35 Запуск событий крона rcl_cron_hourly
07:53:13 Запуск событий крона rcl_cron_hourly
07:53:13 Запуск событий крона rcl_cron_twicedaily
07:53:13 Отправка запроса на сервер обновления для получение последних версий установленных дополнений
07:53:13 Не удалось открыть файл с данными дополнений для проверки обновлений
http://downloads.codeseller.ru/products-files/info/light-info.xml
08:26:48 Запуск событий крона rcl_cron_daily
08:26:48 Запуск событий крона rcl_cron_hourly
09:14:56 Запуск событий крона rcl_cron_hourly
11:13:00 Запуск событий крона rcl_cron_hourly
12:45:20 Запуск событий крона rcl_cron_hourly
13:27:34 Запуск событий крона rcl_cron_hourly
14:31:11 Запуск событий крона rcl_cron_hourly
15:24:33 Запуск событий крона rcl_cron_hourly
17:48:00 Запуск событий крона rcl_cron_hourly
19:52:50 Запуск событий крона rcl_cron_hourly
19:52:50 Запуск событий крона rcl_cron_twicedaily
19:52:50 Отправка запроса на сервер обновления для получение последних версий установленных дополнений
19:52:50 Не удалось открыть файл с данными дополнений для проверки обновлений
http://downloads.codeseller.ru/products-files/info/light-info.xml
20:48:49 Запуск событий крона rcl_cron_hourly
21:19:11 Запуск событий крона rcl_cron_hourly
22:51:47 Запуск событий крона rcl_cron_hourly
