00:29:57 Запуск событий крона rcl_cron_hourly
01:29:01 Запуск событий крона rcl_cron_hourly
02:11:03 Запуск событий крона rcl_cron_hourly
03:48:52 Запуск событий крона rcl_cron_hourly
05:43:48 Запуск событий крона rcl_cron_hourly
06:17:53 Запуск событий крона rcl_cron_hourly
07:10:28 Запуск событий крона rcl_cron_hourly
07:26:37 Запуск событий крона rcl_cron_twicedaily
07:26:37 Отправка запроса на сервер обновления для получение последних версий установленных дополнений
07:40:40 Запуск событий крона rcl_cron_daily
08:10:50 Запуск событий крона rcl_cron_hourly
09:11:06 Запуск событий крона rcl_cron_hourly
10:11:25 Запуск событий крона rcl_cron_hourly
11:09:50 Запуск событий крона rcl_cron_hourly
12:09:53 Запуск событий крона rcl_cron_hourly
13:10:42 Запуск событий крона rcl_cron_hourly
14:10:42 Запуск событий крона rcl_cron_hourly
15:25:11 Запуск событий крона rcl_cron_hourly
16:12:11 Запуск событий крона rcl_cron_hourly
17:17:18 Запуск событий крона rcl_cron_hourly
18:26:55 Запуск событий крона rcl_cron_hourly
19:15:24 Запуск событий крона rcl_cron_hourly
19:27:03 Запуск событий крона rcl_cron_twicedaily
19:27:03 Отправка запроса на сервер обновления для получение последних версий установленных дополнений
20:16:05 Запуск событий крона rcl_cron_hourly
20:26:28 Запуск событий крона rcl_cron_hourly
20:26:28 Запуск событий крона rcl_cron_twicedaily
20:26:28 Отправка запроса на сервер обновления для получение последних версий установленных дополнений
20:26:28 Запуск событий крона rcl_cron_daily
20:28:45 Запуск событий крона rcl_cron_hourly
20:28:50 Запуск событий крона rcl_cron_twicedaily
20:28:50 Отправка запроса на сервер обновления для получение последних версий установленных дополнений
20:28:50 Запуск событий крона rcl_cron_daily
21:07:29 rcl_update_user_rating: Не удалось изменить общий рейтинг пользователя
Array
(
    [object_id] => 150
    [object_author] => 2
    [rating_type] => post-group
    [rating_value] => 0
)

21:09:49 Запуск событий крона rcl_cron_hourly
22:09:47 Запуск событий крона rcl_cron_hourly
23:21:55 Запуск событий крона rcl_cron_hourly
