01:09:38 Запуск событий крона rcl_cron_hourly
01:39:03 Запуск событий крона rcl_cron_hourly
02:12:10 Запуск событий крона rcl_cron_hourly
03:10:22 Запуск событий крона rcl_cron_hourly
04:37:47 Запуск событий крона rcl_cron_hourly
05:44:45 Запуск событий крона rcl_cron_hourly
06:25:01 Запуск событий крона rcl_cron_hourly
08:08:14 Запуск событий крона rcl_cron_hourly
08:08:14 Запуск событий крона rcl_cron_twicedaily
08:08:14 Отправка запроса на сервер обновления для получение последних версий установленных дополнений
08:08:14 Не удалось открыть файл с данными дополнений для проверки обновлений
http://downloads.codeseller.ru/products-files/info/light-info.xml
09:16:45 Запуск событий крона rcl_cron_daily
09:16:45 Запуск событий крона rcl_cron_hourly
10:11:46 Запуск событий крона rcl_cron_hourly
11:12:36 Запуск событий крона rcl_cron_hourly
12:17:43 Запуск событий крона rcl_cron_hourly
13:10:56 Запуск событий крона rcl_cron_hourly
14:13:35 Запуск событий крона rcl_cron_hourly
15:10:04 Запуск событий крона rcl_cron_hourly
16:21:31 Запуск событий крона rcl_cron_hourly
17:27:29 Запуск событий крона rcl_cron_hourly
18:11:33 Запуск событий крона rcl_cron_hourly
19:53:02 Запуск событий крона rcl_cron_hourly
19:53:02 Запуск событий крона rcl_cron_twicedaily
19:53:02 Отправка запроса на сервер обновления для получение последних версий установленных дополнений
19:53:02 Не удалось открыть файл с данными дополнений для проверки обновлений
http://downloads.codeseller.ru/products-files/info/light-info.xml
20:32:25 Запуск событий крона rcl_cron_hourly
22:12:39 Запуск событий крона rcl_cron_hourly
23:10:50 Запуск событий крона rcl_cron_hourly
