00:15:48 Запуск событий крона rcl_cron_hourly
01:11:22 Запуск событий крона rcl_cron_hourly
02:17:20 Запуск событий крона rcl_cron_hourly
03:10:07 Запуск событий крона rcl_cron_hourly
04:24:17 Запуск событий крона rcl_cron_hourly
05:15:18 Запуск событий крона rcl_cron_hourly
06:14:24 Запуск событий крона rcl_cron_hourly
07:10:33 Запуск событий крона rcl_cron_hourly
07:30:35 Запуск событий крона rcl_cron_twicedaily
07:30:35 Отправка запроса на сервер обновления для получение последних версий установленных дополнений
07:30:35 Не удалось открыть файл с данными дополнений для проверки обновлений
http://downloads.codeseller.ru/products-files/info/light-info.xml
07:44:26 Запуск событий крона rcl_cron_daily
08:13:26 Запуск событий крона rcl_cron_hourly
09:28:25 Запуск событий крона rcl_cron_hourly
10:14:35 Запуск событий крона rcl_cron_hourly
11:13:16 Запуск событий крона rcl_cron_hourly
12:13:45 Запуск событий крона rcl_cron_hourly
13:16:27 Запуск событий крона rcl_cron_hourly
14:16:42 Запуск событий крона rcl_cron_hourly
15:14:01 Запуск событий крона rcl_cron_hourly
16:33:59 Запуск событий крона rcl_cron_hourly
17:11:42 Запуск событий крона rcl_cron_hourly
18:10:32 Запуск событий крона rcl_cron_hourly
19:16:47 Запуск событий крона rcl_cron_hourly
19:28:22 Запуск событий крона rcl_cron_twicedaily
19:28:22 Отправка запроса на сервер обновления для получение последних версий установленных дополнений
19:28:22 Не удалось открыть файл с данными дополнений для проверки обновлений
http://downloads.codeseller.ru/products-files/info/light-info.xml
20:15:02 Запуск событий крона rcl_cron_hourly
21:28:48 Запуск событий крона rcl_cron_hourly
22:16:04 Запуск событий крона rcl_cron_hourly
23:14:47 Запуск событий крона rcl_cron_hourly
