00:11:18 Запуск событий крона rcl_cron_hourly
01:11:47 Запуск событий крона rcl_cron_hourly
02:10:16 Запуск событий крона rcl_cron_hourly
03:10:46 Запуск событий крона rcl_cron_hourly
04:21:15 Запуск событий крона rcl_cron_hourly
05:15:06 Запуск событий крона rcl_cron_hourly
06:15:18 Запуск событий крона rcl_cron_hourly
07:10:07 Запуск событий крона rcl_cron_hourly
07:26:15 Запуск событий крона rcl_cron_twicedaily
07:26:15 Отправка запроса на сервер обновления для получение последних версий установленных дополнений
07:26:15 Не удалось открыть файл с данными дополнений для проверки обновлений
http://downloads.codeseller.ru/products-files/info/light-info.xml
07:40:22 Запуск событий крона rcl_cron_daily
08:10:38 Запуск событий крона rcl_cron_hourly
09:09:57 Запуск событий крона rcl_cron_hourly
10:11:38 Запуск событий крона rcl_cron_hourly
11:10:03 Запуск событий крона rcl_cron_hourly
12:10:28 Запуск событий крона rcl_cron_hourly
13:10:50 Запуск событий крона rcl_cron_hourly
14:11:03 Запуск событий крона rcl_cron_hourly
15:11:39 Запуск событий крона rcl_cron_hourly
16:14:43 Запуск событий крона rcl_cron_hourly
17:33:13 Запуск событий крона rcl_cron_hourly
18:21:49 Запуск событий крона rcl_cron_hourly
19:27:51 Запуск событий крона rcl_cron_hourly
19:27:51 Запуск событий крона rcl_cron_twicedaily
19:27:51 Отправка запроса на сервер обновления для получение последних версий установленных дополнений
19:27:51 Не удалось открыть файл с данными дополнений для проверки обновлений
http://downloads.codeseller.ru/products-files/info/light-info.xml
20:11:29 Запуск событий крона rcl_cron_hourly
21:49:30 Запуск событий крона rcl_cron_hourly
22:17:24 Запуск событий крона rcl_cron_hourly
23:22:50 Запуск событий крона rcl_cron_hourly
