00:35:00 Запуск событий крона rcl_cron_hourly
01:53:55 Запуск событий крона rcl_cron_hourly
04:42:34 Запуск событий крона rcl_cron_hourly
05:15:15 Запуск событий крона rcl_cron_hourly
06:22:21 Запуск событий крона rcl_cron_hourly
07:09:51 Запуск событий крона rcl_cron_hourly
07:11:52 rcl_update_user_rating: Не удалось изменить общий рейтинг пользователя
Array
(
    [object_id] => 3
    [object_author] => 1
    [rating_type] => post
    [rating_value] => 0
)

07:24:50 Запуск событий крона rcl_cron_twicedaily
07:24:50 Отправка запроса на сервер обновления для получение последних версий установленных дополнений
07:39:51 Запуск событий крона rcl_cron_daily
08:28:58 Запуск событий крона rcl_cron_hourly
08:34:51 get_subtab: Не удалось загрузить контент вкладки
Array
(
    [name] => rcl_custom_tab_content
    [args] => Array
        (
            [0] => 
        )

)

08:34:51 get_subtab: Не удалось загрузить контент вкладки
Array
(
    [name] => rcl_custom_tab_content
    [args] => Array
        (
            [0] => 
        )

)

08:34:52 get_subtab: Не удалось загрузить контент вкладки
Array
(
    [name] => rcl_custom_tab_content
    [args] => Array
        (
            [0] => 
        )

)

08:34:59 get_subtab: Не удалось загрузить контент вкладки
Array
(
    [name] => rcl_custom_tab_content
    [args] => Array
        (
            [0] => 
        )

)

08:34:59 get_subtab: Не удалось загрузить контент вкладки
Array
(
    [name] => rcl_custom_tab_content
    [args] => Array
        (
            [0] => 
        )

)

08:35:00 get_subtab: Не удалось загрузить контент вкладки
Array
(
    [name] => rcl_custom_tab_content
    [args] => Array
        (
            [0] => 
        )

)

09:10:04 Запуск событий крона rcl_cron_hourly
10:10:15 Запуск событий крона rcl_cron_hourly
11:10:40 Запуск событий крона rcl_cron_hourly
12:09:49 Запуск событий крона rcl_cron_hourly
13:09:52 Запуск событий крона rcl_cron_hourly
13:09:52 Отправка уведомлений о непрочитанных сообщениях
14:09:56 Запуск событий крона rcl_cron_hourly
14:09:56 Отправка уведомлений о непрочитанных сообщениях
15:11:40 Запуск событий крона rcl_cron_hourly
16:16:40 Запуск событий крона rcl_cron_hourly
18:01:42 Запуск событий крона rcl_cron_hourly
18:56:09 Запуск событий крона rcl_cron_hourly
20:03:19 Запуск событий крона rcl_cron_hourly
20:03:19 Запуск событий крона rcl_cron_twicedaily
20:03:19 Отправка запроса на сервер обновления для получение последних версий установленных дополнений
20:16:49 Запуск событий крона rcl_cron_hourly
21:16:12 Запуск событий крона rcl_cron_hourly
21:16:12 Отправка уведомлений о непрочитанных сообщениях
22:19:13 Запуск событий крона rcl_cron_hourly
