00:57:51 Запуск событий крона rcl_cron_hourly
01:13:49 Запуск событий крона rcl_cron_hourly
03:33:00 Запуск событий крона rcl_cron_hourly
05:05:10 Запуск событий крона rcl_cron_hourly
05:26:54 Запуск событий крона rcl_cron_hourly
06:56:53 Запуск событий крона rcl_cron_hourly
07:42:33 Запуск событий крона rcl_cron_hourly
07:42:33 Запуск событий крона rcl_cron_twicedaily
07:42:33 Отправка запроса на сервер обновления для получение последних версий установленных дополнений
07:42:33 Не удалось открыть файл с данными дополнений для проверки обновлений
http://downloads.codeseller.ru/products-files/info/light-info.xml
08:42:00 Запуск событий крона rcl_cron_daily
08:42:00 Запуск событий крона rcl_cron_hourly
09:51:00 Запуск событий крона rcl_cron_hourly
11:39:06 Запуск событий крона rcl_cron_hourly
12:32:50 Запуск событий крона rcl_cron_hourly
13:09:50 Запуск событий крона rcl_cron_hourly
14:09:57 Запуск событий крона rcl_cron_hourly
15:10:05 Запуск событий крона rcl_cron_hourly
16:18:36 Запуск событий крона rcl_cron_hourly
17:45:33 Запуск событий крона rcl_cron_hourly
18:39:22 Запуск событий крона rcl_cron_hourly
21:05:50 Запуск событий крона rcl_cron_hourly
21:05:50 Запуск событий крона rcl_cron_twicedaily
21:05:50 Отправка запроса на сервер обновления для получение последних версий установленных дополнений
21:05:50 Не удалось открыть файл с данными дополнений для проверки обновлений
http://downloads.codeseller.ru/products-files/info/light-info.xml
21:33:55 Запуск событий крона rcl_cron_hourly
22:50:04 Запуск событий крона rcl_cron_hourly
