00:00:51 Запуск событий крона rcl_cron_hourly
00:17:09 Запуск событий крона rcl_cron_hourly
01:19:19 Запуск событий крона rcl_cron_hourly
02:28:40 Запуск событий крона rcl_cron_hourly
03:56:43 Запуск событий крона rcl_cron_hourly
04:14:05 Запуск событий крона rcl_cron_hourly
05:28:11 Запуск событий крона rcl_cron_hourly
06:16:22 Запуск событий крона rcl_cron_hourly
07:10:21 Запуск событий крона rcl_cron_hourly
07:12:21 rcl_update_user_rating: Не удалось изменить общий рейтинг пользователя
Array
(
    [object_id] => 239
    [object_author] => 1
    [rating_type] => post
    [rating_value] => 0
)

07:39:04 Запуск событий крона rcl_cron_twicedaily
07:39:04 Отправка запроса на сервер обновления для получение последних версий установленных дополнений
07:41:39 Запуск событий крона rcl_cron_daily
08:17:47 Запуск событий крона rcl_cron_hourly
09:09:47 Запуск событий крона rcl_cron_hourly
10:11:08 Запуск событий крона rcl_cron_hourly
11:09:54 Запуск событий крона rcl_cron_hourly
12:35:10 Запуск событий крона rcl_cron_hourly
13:10:36 Запуск событий крона rcl_cron_hourly
14:12:50 Запуск событий крона rcl_cron_hourly
15:10:29 Запуск событий крона rcl_cron_hourly
16:09:47 Запуск событий крона rcl_cron_hourly
17:10:27 Запуск событий крона rcl_cron_hourly
18:20:59 Запуск событий крона rcl_cron_hourly
19:17:18 Запуск событий крона rcl_cron_hourly
19:30:42 Запуск событий крона rcl_cron_twicedaily
19:30:43 Отправка запроса на сервер обновления для получение последних версий установленных дополнений
20:10:18 Запуск событий крона rcl_cron_hourly
21:11:04 Запуск событий крона rcl_cron_hourly
22:14:52 Запуск событий крона rcl_cron_hourly
23:36:02 Запуск событий крона rcl_cron_hourly
