00:13:19 Запуск событий крона rcl_cron_hourly
01:28:22 Запуск событий крона rcl_cron_hourly
02:16:35 Запуск событий крона rcl_cron_hourly
03:45:11 Запуск событий крона rcl_cron_hourly
04:14:43 Запуск событий крона rcl_cron_hourly
05:17:51 Запуск событий крона rcl_cron_hourly
06:09:51 Запуск событий крона rcl_cron_hourly
07:09:51 Запуск событий крона rcl_cron_hourly
07:28:17 Запуск событий крона rcl_cron_twicedaily
07:28:17 Отправка запроса на сервер обновления для получение последних версий установленных дополнений
07:28:17 Не удалось открыть файл с данными дополнений для проверки обновлений
http://downloads.codeseller.ru/products-files/info/light-info.xml
07:42:19 Запуск событий крона rcl_cron_daily
08:22:03 Запуск событий крона rcl_cron_hourly
09:14:03 Запуск событий крона rcl_cron_hourly
10:09:58 Запуск событий крона rcl_cron_hourly
11:10:28 Запуск событий крона rcl_cron_hourly
12:10:55 Запуск событий крона rcl_cron_hourly
13:09:57 Запуск событий крона rcl_cron_hourly
14:09:52 Запуск событий крона rcl_cron_hourly
15:10:22 Запуск событий крона rcl_cron_hourly
16:10:11 Запуск событий крона rcl_cron_hourly
17:14:43 Запуск событий крона rcl_cron_hourly
18:12:08 Запуск событий крона rcl_cron_hourly
19:45:56 Запуск событий крона rcl_cron_hourly
19:45:56 Запуск событий крона rcl_cron_twicedaily
19:45:56 Отправка запроса на сервер обновления для получение последних версий установленных дополнений
19:45:56 Не удалось открыть файл с данными дополнений для проверки обновлений
http://downloads.codeseller.ru/products-files/info/light-info.xml
20:10:28 Запуск событий крона rcl_cron_hourly
21:11:27 Запуск событий крона rcl_cron_hourly
22:20:35 Запуск событий крона rcl_cron_hourly
23:30:42 Запуск событий крона rcl_cron_hourly
