00:37:28 Запуск событий крона rcl_cron_hourly
01:28:58 Запуск событий крона rcl_cron_hourly
02:20:44 Запуск событий крона rcl_cron_hourly
04:57:01 Запуск событий крона rcl_cron_hourly
08:20:49 Запуск событий крона rcl_cron_hourly
08:20:49 Запуск событий крона rcl_cron_twicedaily
08:20:49 Отправка запроса на сервер обновления для получение последних версий установленных дополнений
08:20:49 Не удалось открыть файл с данными дополнений для проверки обновлений
http://downloads.codeseller.ru/products-files/info/light-info.xml
09:27:08 Запуск событий крона rcl_cron_daily
09:27:08 Запуск событий крона rcl_cron_hourly
10:12:46 Запуск событий крона rcl_cron_hourly
11:12:16 Запуск событий крона rcl_cron_hourly
12:10:37 Запуск событий крона rcl_cron_hourly
13:10:19 Запуск событий крона rcl_cron_hourly
14:12:34 Запуск событий крона rcl_cron_hourly
15:10:16 Запуск событий крона rcl_cron_hourly
16:12:58 Запуск событий крона rcl_cron_hourly
17:13:50 Запуск событий крона rcl_cron_hourly
18:14:30 Запуск событий крона rcl_cron_hourly
19:11:13 Запуск событий крона rcl_cron_hourly
19:29:14 Запуск событий крона rcl_cron_twicedaily
19:29:14 Отправка запроса на сервер обновления для получение последних версий установленных дополнений
19:29:14 Не удалось открыть файл с данными дополнений для проверки обновлений
http://downloads.codeseller.ru/products-files/info/light-info.xml
20:12:04 Запуск событий крона rcl_cron_hourly
21:14:58 Запуск событий крона rcl_cron_hourly
22:13:03 Запуск событий крона rcl_cron_hourly
23:13:49 Запуск событий крона rcl_cron_hourly
