00:18:06 Запуск событий крона rcl_cron_hourly
01:22:06 Запуск событий крона rcl_cron_hourly
02:13:05 Запуск событий крона rcl_cron_hourly
03:17:08 Запуск событий крона rcl_cron_hourly
04:31:16 Запуск событий крона rcl_cron_hourly
05:19:01 Запуск событий крона rcl_cron_hourly
06:18:28 Запуск событий крона rcl_cron_hourly
07:10:31 Запуск событий крона rcl_cron_hourly
07:24:47 Запуск событий крона rcl_cron_twicedaily
07:24:47 Отправка запроса на сервер обновления для получение последних версий установленных дополнений
07:24:47 Не удалось открыть файл с данными дополнений для проверки обновлений
http://downloads.codeseller.ru/products-files/info/light-info.xml
07:41:40 Запуск событий крона rcl_cron_daily
08:09:53 Запуск событий крона rcl_cron_hourly
09:09:57 Запуск событий крона rcl_cron_hourly
10:09:58 Запуск событий крона rcl_cron_hourly
11:20:21 Запуск событий крона rcl_cron_hourly
12:09:50 Запуск событий крона rcl_cron_hourly
13:10:04 Запуск событий крона rcl_cron_hourly
14:10:19 Запуск событий крона rcl_cron_hourly
15:10:08 Запуск событий крона rcl_cron_hourly
16:26:59 Запуск событий крона rcl_cron_hourly
17:15:30 Запуск событий крона rcl_cron_hourly
18:12:29 Запуск событий крона rcl_cron_hourly
19:16:10 Запуск событий крона rcl_cron_hourly
19:38:02 Запуск событий крона rcl_cron_twicedaily
19:38:02 Отправка запроса на сервер обновления для получение последних версий установленных дополнений
19:38:02 Не удалось открыть файл с данными дополнений для проверки обновлений
http://downloads.codeseller.ru/products-files/info/light-info.xml
20:11:05 Запуск событий крона rcl_cron_hourly
21:16:49 Запуск событий крона rcl_cron_hourly
22:32:46 Запуск событий крона rcl_cron_hourly
23:18:13 Запуск событий крона rcl_cron_hourly
