00:32:50 Запуск событий крона rcl_cron_hourly
01:12:51 Запуск событий крона rcl_cron_hourly
02:16:12 Запуск событий крона rcl_cron_hourly
03:39:47 Запуск событий крона rcl_cron_hourly
04:57:06 Запуск событий крона rcl_cron_hourly
05:55:47 Запуск событий крона rcl_cron_hourly
07:23:45 Запуск событий крона rcl_cron_hourly
07:25:55 Запуск событий крона rcl_cron_twicedaily
07:25:55 Отправка запроса на сервер обновления для получение последних версий установленных дополнений
07:25:55 Не удалось открыть файл с данными дополнений для проверки обновлений
http://downloads.codeseller.ru/products-files/info/light-info.xml
08:55:33 Запуск событий крона rcl_cron_daily
08:55:33 Запуск событий крона rcl_cron_hourly
09:47:34 Запуск событий крона rcl_cron_hourly
10:20:49 Запуск событий крона rcl_cron_hourly
11:19:51 Запуск событий крона rcl_cron_hourly
12:09:49 Запуск событий крона rcl_cron_hourly
13:10:03 Запуск событий крона rcl_cron_hourly
14:10:36 Запуск событий крона rcl_cron_hourly
16:29:58 Запуск событий крона rcl_cron_hourly
17:19:47 Запуск событий крона rcl_cron_hourly
18:41:58 Запуск событий крона rcl_cron_hourly
19:43:35 Запуск событий крона rcl_cron_hourly
19:43:35 Запуск событий крона rcl_cron_twicedaily
19:43:35 Отправка запроса на сервер обновления для получение последних версий установленных дополнений
19:43:35 Не удалось открыть файл с данными дополнений для проверки обновлений
http://downloads.codeseller.ru/products-files/info/light-info.xml
20:59:57 Запуск событий крона rcl_cron_hourly
23:56:56 Запуск событий крона rcl_cron_hourly
