00:31:53 Запуск событий крона rcl_cron_hourly
01:17:04 Запуск событий крона rcl_cron_hourly
02:17:55 Запуск событий крона rcl_cron_hourly
03:36:02 Запуск событий крона rcl_cron_hourly
04:11:07 Запуск событий крона rcl_cron_hourly
05:13:04 Запуск событий крона rcl_cron_hourly
06:15:25 Запуск событий крона rcl_cron_hourly
07:10:20 Запуск событий крона rcl_cron_hourly
07:10:20 Отправка уведомлений о непрочитанных сообщениях
07:18:23 rcl_update_user_rating: Не удалось изменить общий рейтинг пользователя
Array
(
    [object_id] => 462
    [object_author] => 1
    [rating_type] => post
    [rating_value] => 0
)

07:30:47 Запуск событий крона rcl_cron_twicedaily
07:30:47 Отправка запроса на сервер обновления для получение последних версий установленных дополнений
07:30:47 Не удалось открыть файл с данными дополнений для проверки обновлений
http://downloads.codeseller.ru/products-files/info/light-info.xml
07:48:46 Запуск событий крона rcl_cron_daily
08:30:21 Запуск событий крона rcl_cron_hourly
09:17:41 Запуск событий крона rcl_cron_hourly
10:14:50 Запуск событий крона rcl_cron_hourly
11:14:08 Запуск событий крона rcl_cron_hourly
12:09:56 Запуск событий крона rcl_cron_hourly
13:11:40 Запуск событий крона rcl_cron_hourly
14:11:47 Запуск событий крона rcl_cron_hourly
15:12:46 Запуск событий крона rcl_cron_hourly
16:31:59 Запуск событий крона rcl_cron_hourly
17:44:16 Запуск событий крона rcl_cron_hourly
18:17:47 Запуск событий крона rcl_cron_hourly
19:15:20 Запуск событий крона rcl_cron_hourly
19:42:13 Запуск событий крона rcl_cron_twicedaily
19:42:13 Отправка запроса на сервер обновления для получение последних версий установленных дополнений
19:42:13 Не удалось открыть файл с данными дополнений для проверки обновлений
http://downloads.codeseller.ru/products-files/info/light-info.xml
20:15:12 Запуск событий крона rcl_cron_hourly
21:29:59 Запуск событий крона rcl_cron_hourly
22:15:55 Запуск событий крона rcl_cron_hourly
23:29:35 Запуск событий крона rcl_cron_hourly
